05/18/2021 09:28:46 AM: INFO: TestSalesModule: Logged In Successfully
05/18/2021 09:30:04 AM: INFO: TestSalesModule: Logged In Successfully
05/18/2021 09:31:02 AM: INFO: TestSalesModule: Record Created Successfully
05/18/2021 09:31:14 AM: INFO: TestSalesModule: Record Deleted Successfully
05/18/2021 09:31:20 AM: INFO: TestSalesModule: Logged Out Successfully
05/21/2021 09:31:45 AM: INFO: TestSalesModule: Logged In Successfully
05/21/2021 10:44:08 AM: INFO: TestSalesModule: Logged In Successfully
05/21/2021 10:45:09 AM: INFO: TestSalesModule: Logged In Successfully
05/21/2021 10:49:26 AM: INFO: TestSalesModule: Logged In Successfully
05/21/2021 10:50:32 AM: INFO: TestSalesModule: Logged Out Successfully
05/21/2021 10:50:32 AM: INFO: TestSalesModule: Test Run successfully
05/21/2021 10:50:47 AM: INFO: TestSalesModule: Logged In Successfully
05/21/2021 10:51:45 AM: INFO: TestSalesModule: Logged Out Successfully
05/21/2021 10:51:45 AM: INFO: TestSalesModule: Test Run successfully
05/21/2021 10:56:57 AM: INFO: TestSalesModule: Logged In Successfully
05/21/2021 10:58:06 AM: INFO: TestSalesModule: Logged Out Successfully
05/21/2021 10:58:06 AM: INFO: TestSalesModule: Test Run successfully
05/21/2021 11:00:50 AM: INFO: TestSalesModule: Logged In Successfully
05/21/2021 11:02:01 AM: INFO: TestSalesModule: Logged Out Successfully
05/21/2021 11:02:01 AM: INFO: TestSalesModule: Test Run successfully
05/21/2021 11:03:52 AM: INFO: TestSalesModule: Logged In Successfully
05/21/2021 11:05:03 AM: INFO: TestSalesModule: Logged Out Successfully
05/21/2021 11:05:03 AM: INFO: TestSalesModule: Test Run successfully
05/21/2021 11:05:17 AM: INFO: TestSalesModule: Logged In Successfully
05/21/2021 11:08:30 AM: INFO: TestSalesModule: Logged In Successfully
05/21/2021 11:09:35 AM: INFO: TestSalesModule: Record Created Successfully
05/21/2021 11:09:47 AM: INFO: TestSalesModule: Record Deleted Successfully
05/21/2021 11:09:52 AM: INFO: TestSalesModule: Logged Out Successfully
05/21/2021 11:09:52 AM: INFO: TestSalesModule: Test Run successfully
05/21/2021 11:10:08 AM: INFO: TestSalesModule: Logged In Successfully
05/21/2021 11:11:11 AM: INFO: TestSalesModule: Logged Out Successfully
05/21/2021 11:11:11 AM: INFO: TestSalesModule: Test Run successfully
